Took 898.69 seconds
Top results:
[12  3  4] 0.7327123397435897
[20  5  1] 0.7018229166666666
[13 11  1] 0.6900641025641026
[ 3 15  4] 0.6896033653846153
[3 6 2] 0.6838141025641025
[ 8  4 12] 0.6834134615384616
[ 9 23  1] 0.6751602564102565
[1 6 9] 0.672996794871795
[18 15  2] 0.6447516025641026
[13 27  4] 0.6436498397435898
Took 808.84 seconds
Top results:
[ 1 10  5] 0.8466145833333334
[9 5 1] 0.7614983974358974
[3 5 4] 0.757792467948718
[9 4 2] 0.7357772435897436
[3 5 2] 0.7255809294871794
[3 6 7] 0.705889423076923
[20  5  1] 0.7057491987179487
[13  8  4] 0.6972556089743589
[11 13  2] 0.6963942307692308
[13 11  1] 0.6926081730769231
Took 814.02 seconds
Top results:
[1 4 5] 0.87421875
[3 5 5] 0.8319310897435898
[1 5 2] 0.7966145833333333
[3 5 4] 0.7576121794871795
[9 5 1] 0.7562099358974359
[9 4 2] 0.7405649038461538
[3 6 4] 0.7380208333333333
[ 9 16  1] 0.7360576923076924
[11  5  2] 0.7345552884615385
[13  8  1] 0.7316907051282051
Took 885.80 seconds
Top results:
[1 4 5] 0.8790865384615385
[1 5 2] 0.805448717948718
[1 3 2] 0.803886217948718
[9 3 6] 0.7707532051282051
[9 5 1] 0.7614182692307692
[1 4 2] 0.759375
[12  5  5] 0.7567508012820513
[9 7 2] 0.7555488782051282
[11  4  4] 0.7553685897435898
[11  8  2] 0.7472756410256411
Took 930.32 seconds
Top results:
[1 5 5] 0.8750600961538462
[1 5 2] 0.8017227564102564
[11  3  5] 0.7982972756410256
[1 5 1] 0.7978165064102565
[11  4  5] 0.7856770833333333
[11  5  5] 0.7835536858974359
[1 4 1] 0.7743389423076923
[9 4 4] 0.762079326923077
[9 5 1] 0.7595152243589743
[9 7 1] 0.758994391025641
Took 898.70 seconds
Top results:
[1 4 5] 0.883613782051282
[1 5 5] 0.8694911858974359
[9 3 5] 0.814463141025641
[2 5 5] 0.8121995192307693
[9 5 5] 0.7999399038461539
[11  3  5] 0.795733173076923
[1 5 2] 0.7943309294871794
[1 5 1] 0.793349358974359
[1 2 5] 0.7849759615384615
[1 4 1] 0.7828525641025641
Took 912.46 seconds
Top results:
[1 5 5] 0.8764823717948718
[1 4 5] 0.8654046474358974
[1 3 5] 0.8592748397435898
[3 5 5] 0.828525641025641
[9 3 5] 0.8192908653846154
[9 4 5] 0.8092748397435898
[1 5 2] 0.8017227564102565
[9 5 5] 0.7996394230769232
[1 5 1] 0.7979767628205128
[11  3  5] 0.7970753205128205
Took 835.91 seconds
Top results:
[1 5 5] 0.8704126602564103
[1 3 5] 0.850420673076923
[3 5 5] 0.8212139423076924
[9 3 5] 0.8199919871794872
[2 3 5] 0.80546875
[9 4 5] 0.804286858974359
[9 5 5] 0.80078125
[11  3  5] 0.797255608974359
[1 5 1] 0.7971955128205128
[1 5 2] 0.7946314102564103
Took 1467.04 seconds
Top results:
[1 5 5] 0.8754807692307692
[1 3 5] 0.8673477564102565
[1 4 5] 0.8659855769230769
[3 5 5] 0.8438501602564102
[3 4 5] 0.8321915064102565
[9 3 5] 0.8167467948717948
[9 4 5] 0.809395032051282
[2 3 5] 0.8064903846153846
[2 5 5] 0.8046474358974359
[1 5 2] 0.7996995192307692
Took 823.33 seconds
Top results:
[1 4 5] 0.8665665064102565
[1 5 5] 0.8629607371794872
[1 3 5] 0.8517628205128205
[3 4 5] 0.8244391025641026
[2 5 5] 0.8190304487179487
[1 5 2] 0.8153245192307693
[1 6 5] 0.8109174679487179
[1 3 2] 0.8001201923076923
[9 8 5] 0.798838141025641
[9 5 5] 0.7976562500000001
Took 822.97 seconds
Top results:
[1 5 5] 0.8735576923076923
[1 3 5] 0.8602764423076923
[9 3 5] 0.8155448717948719
[2 5 5] 0.815224358974359
[2 3 5] 0.8050480769230769
[1 3 2] 0.7985176282051283
[1 5 1] 0.7978365384615385
[9 5 5] 0.7946714743589745
[11  3  5] 0.7873998397435897
[1 2 5] 0.7856570512820513
Took 843.27 seconds
Top results:
[1 4 5] 0.8743189102564104
[1 3 5] 0.8649639423076922
[1 5 5] 0.8637019230769232
[ 1 10  5] 0.8530248397435898
[3 3 5] 0.8333733974358974
[9 3 5] 0.8171474358974359
[2 3 5] 0.8084334935897436
[2 4 5] 0.8038461538461539
[9 5 5] 0.803165064102564
[9 4 5] 0.8018429487179487