Took 805.81 seconds
Parents:
[9000 6000 5000   58   23   11] 0.8669471153846154
[6000 3000 5000   35   22   62] 0.8623397435897435
[7000 4000 7000   60   42   41] 0.8607171474358974
[4000 6000 7000   44   19   35] 0.8603365384615385
[4000 4000 8000   35   34   64] 0.8597956730769231
[10000  6000  4000    53    30    27] 0.8592748397435898
[10000  3000 10000    61    40    46] 0.8568709935897436
[9000 7000 8000   33   45   39] 0.8543870192307692
[2000 4000 6000    8   41   13] 0.8502203525641026
[6000 4000 9000   29   20   33] 0.8499799679487179
[9000 4000 8000    8   30   43] 0.8491987179487179
[1000 5000 5000   44    8   41] 0.848457532051282
[7000 7000 6000    4   57   11] 0.8483573717948718
[3000 7000 6000   30   58   43] 0.847636217948718
[8000 5000 3000   20   41   32] 0.8465544871794872
[10000  6000 10000    32    26    60] 0.8457532051282051
[5000 7000 9000    7   58   27] 0.8419270833333334
[2000 2000 8000   37   14   42] 0.8409455128205128
[10000  6000  8000    12    60    51] 0.8401442307692308
[6000 5000 4000    7   56   53] 0.8396434294871795
Took 809.33 seconds
Parents:
[10000  6000  6000    30    58    43] 0.8769631410256411
[10000  6000  7000    60    60    51] 0.8736378205128206
[9000 4000 8000   33   45   39] 0.8724959935897436
[10000  6000  5000    58    23    27] 0.8686698717948718
[4000 5000 5000   44   34   64] 0.8686097756410256
[3000 4000 6000   30   58   43] 0.8679086538461538
[10000  6000  8000    35    60    51] 0.8672876602564102
[7000 5000 5000   60   42   41] 0.8671274038461538
[8000 4000 7000   60   41   41] 0.8664663461538462
[7000 4000 6000   29   57   33] 0.8657051282051282
[6000 4000 7000   60   22   62] 0.8654246794871795
[4000 4000 8000   20   34   64] 0.8653044871794872
[8000 5000 7000   60   42   32] 0.8643429487179488
[9000 4000 8000    8   30   43] 0.8643429487179487
[6000 5000 3000   35   22   62] 0.8636017628205128
[5000 6000 8000    7   58   51] 0.8630809294871795
[4000 6000 7000   44   41   35] 0.8617988782051282
[9000 7000 7000   44   45   35] 0.8615184294871795
[9000 7000 5000   35   45   39] 0.8598557692307692
[6000 6000 5000   12   22   51] 0.8595753205128206
Took 901.64 seconds
Parents:
[9000 5000 5000   44   45   35] 0.8794070512820513
[10000  6000  8000    44    60    35] 0.8774839743589744
[9000 4000 8000   30   58   43] 0.8774839743589743
[10000  6000  7000    60    60    51] 0.8773838141025642
[10000  5000  5000    60    60    41] 0.8765424679487179
[7000 6000 7000   60   42   41] 0.8755809294871795
[9000 4000 7000   60   60   39] 0.8739783653846154
[9000 4000 7000   44   45   35] 0.8737379807692307
[9000 5000 8000   60   30   32] 0.8727764423076924
[9000 6000 7000   44   41   35] 0.8721754807692308
[10000  4000  5000    60    23    27] 0.8717748397435898
[7000 4000 6000   60   42   41] 0.8712740384615385
[8000 4000 7000   60   41   41] 0.8709735576923077
[9000 4000 8000   33   45   39] 0.8708333333333333
[9000 6000 7000   44   60   35] 0.8700120192307692
[6000 4000 7000   60   22   62] 0.8693309294871795
[3000 5000 6000   30   58   43] 0.8685096153846155
[10000  6000  8000    44    41    51] 0.8677483974358974
[7000 4000 8000   60   42   41] 0.8666466346153847
[10000  6000  7000    60    42    32] 0.86640625
Took 941.57 seconds
Parents:
[9000 4000 7000   30   58   43] 0.8805889423076924
[7000 4000 5000   60   60   41] 0.8788060897435896
[9000 4000 7000   44   45   35] 0.8776041666666667
[9000 6000 7000   60   60   39] 0.8775641025641026
[9000 4000 6000   30   58   43] 0.8774639423076923
[7000 6000 6000   44   41   35] 0.8772836538461539
[10000  4000  8000    60    22    35] 0.8770032051282051
[9000 4000 8000   30   60   43] 0.8764022435897436
[9000 5000 5000   60   30   32] 0.8760817307692308
[10000  5000  5000    44    45    41] 0.8752203525641025
[5000 5000 6000   52   27   19] 0.8744791666666667
[10000  5000  5000    44    60    35] 0.8734575320512821
[8000 4000 7000   60   42   41] 0.8733774038461539
[10000  5000  5000    60    60    41] 0.8724158653846155
[9000 4000 7000   44   45   41] 0.8724158653846155
[9000 6000 7000   60   41   35] 0.8717748397435898
[7000 6000 8000   60   60   51] 0.8707532051282052
[9000 4000 6000   33   42   41] 0.870332532051282
[10000  6000  8000    60    42    35] 0.8702524038461539
[9000 4000 6000   44   42   41] 0.8702524038461539
Took 874.92 seconds
Parents:
[10000  4000  7000    60    42    41] 0.8775440705128206
[9000 4000 7000   60   41   43] 0.8770432692307693
[9000 5000 7000   44   45   41] 0.8766426282051283
[9000 4000 6000   30   60   43] 0.8762820512820513
[9000 4000 7000   44   60   43] 0.8762620192307693
[10000  5000  6000    44    41    35] 0.8756410256410256
[9000 4000 7000   60   42   41] 0.8753205128205128
[9000 4000 6000   44   42   41] 0.8752203525641027
[10000  4000  6000    52    27    35] 0.8748197115384615
[5000 6000 6000   60   27   39] 0.8746995192307693
[9000 6000 7000   44   41   39] 0.8746995192307692
[9000 4000 7000   60   42   43] 0.8743189102564102
[9000 4000 8000   60   60   43] 0.8741185897435897
[9000 4000 8000   44   22   35] 0.8736979166666667
[9000 4000 8000   44   60   43] 0.8733373397435897
[9000 4000 8000   44   45   43] 0.8733173076923076
[9000 6000 7000   60   60   43] 0.8732371794871795
[9000 6000 6000   44   41   43] 0.8730769230769231
[10000  5000  7000    60    45    41] 0.8727564102564103
[9000 6000 5000   44   41   32] 0.8725360576923078
Took 850.70 seconds
Parents:
[10000  4000  6000    44    27    43] 0.8856770833333334
[9000 4000 6000   52   27   35] 0.8844951923076924
[9000 4000 7000   60   60   43] 0.8833733974358975
[9000 4000 6000   60   27   35] 0.8828525641025642
[10000  5000  6000    52    27    41] 0.881670673076923
[10000  5000  8000    60    60    43] 0.8807291666666667
[10000  5000  6000    44    60    43] 0.8793269230769231
[9000 6000 6000   60   60   43] 0.8782451923076923
[9000 4000 8000   44   22   35] 0.8782051282051282
[9000 4000 6000   30   60   43] 0.8776041666666667
[9000 4000 8000   44   60   43] 0.8764823717948718
[9000 4000 7000   44   42   41] 0.8758613782051281
[10000  5000  7000    60    45    43] 0.8753004807692307
[9000 4000 6000   44   41   43] 0.8752403846153847
[10000  5000  7000    60    45    41] 0.8752403846153847
[9000 4000 6000   44   27   43] 0.8751802884615385
[9000 6000 7000   60   60   43] 0.8750400641025641
[9000 4000 6000   44   45   41] 0.875
[9000 4000 7000   44   45   41] 0.8748998397435896
[9000 4000 7000   60   41   43] 0.8747596153846154
Took 953.87 seconds
Parents:
[9000 4000 7000   44   42   43] 0.8860977564102565
[10000  5000  7000    60    45    41] 0.8860576923076924
[9000 6000 7000   60   45   43] 0.8860176282051282
[9000 4000 6000   44   45   43] 0.8841947115384616
[10000  5000  6000    60    27    35] 0.8831129807692307
[9000 4000 7000   60   41   43] 0.8828525641025641
[9000 4000 7000   44   60   43] 0.8815905448717949
[9000 4000 6000   44   22   43] 0.8810697115384616
[9000 5000 6000   44   60   43] 0.8796875000000001
[10000  5000  7000    60    60    43] 0.8788060897435898
[9000 4000 6000   60   27   43] 0.8784655448717948
[9000 4000 7000   60   60   43] 0.8782051282051282
[10000  6000  6000    60    60    43] 0.8781850961538461
[9000 4000 7000   60   45   41] 0.8780849358974359
[9000 4000 8000   44   22   35] 0.8778846153846155
[9000 4000 7000   52   60   35] 0.876141826923077
[10000  4000  6000    44    27    43] 0.8758613782051281
[9000 6000 6000   60   60   43] 0.8758213141025641
[9000 4000 6000   44   27   43] 0.8756410256410256
[10000  4000  7000    60    45    41] 0.8756410256410256
Took 950.65 seconds
Parents:
[9000 4000 8000   44   22   43] 0.8844350961538461
[10000  4000  7000    60    60    41] 0.883193108974359
[9000 6000 7000   60   60   43] 0.8831330128205127
[10000  5000  7000    44    27    43] 0.8828325320512821
[10000  4000  6000    60    22    43] 0.8813501602564102
[10000  4000  6000    60    41    43] 0.8811899038461538
[9000 5000 6000   44   27   43] 0.8806690705128204
[10000  4000  6000    60    27    43] 0.8802483974358973
[10000  5000  7000    60    45    41] 0.8797075320512822
[10000  4000  7000    44    60    43] 0.8795072115384616
[10000  4000  7000    44    27    43] 0.8791666666666667
[9000 4000 7000   60   60   43] 0.8783253205128205
[10000  5000  7000    60    45    43] 0.8769831730769231
[9000 4000 6000   44   45   43] 0.8759815705128206
[9000 4000 6000   44   27   43] 0.8759815705128204
[9000 4000 6000   60   22   43] 0.8756610576923077
[10000  4000  6000    60    60    43] 0.8755208333333333
[9000 4000 8000   44   22   35] 0.8751201923076923
[10000  4000  7000    60    45    41] 0.874979967948718
[9000 4000 7000   52   22   35] 0.8747395833333333
Took 891.27 seconds
Parents:
[9000 4000 7000   60   22   43] 0.8894631410256411
[10000  5000  6000    44    27    43] 0.8853966346153845
[9000 5000 6000   60   60   43] 0.88359375
[9000 4000 7000   60   60   43] 0.882832532051282
[9000 5000 7000   60   60   43] 0.8806690705128205
[9000 4000 7000   44   22   43] 0.8797876602564103
[10000  4000  6000    60    60    43] 0.879647435897436
[10000  4000  6000    44    45    43] 0.8793669871794871
[10000  4000  7000    60    45    43] 0.8791466346153847
[9000 4000 7000   52   22   43] 0.8788862179487179
[9000 4000 6000   44   27   43] 0.8783854166666667
[10000  4000  6000    60    45    41] 0.8782852564102563
[9000 4000 6000   60   45   41] 0.8782451923076924
[9000 4000 7000   44   60   43] 0.877764423076923
[10000  4000  6000    44    27    43] 0.8777443910256411
[9000 5000 7000   44   27   43] 0.8772636217948719
[10000  4000  7000    60    41    43] 0.8758213141025641
[9000 4000 7000   52   27   43] 0.8757011217948718
[10000  4000  7000    60    45    41] 0.8754607371794871
[10000  4000  7000    52    60    35] 0.8747596153846153
Took 905.12 seconds
Parents:
[10000  5000  7000    60    27    43] 0.8869190705128205
[9000 5000 6000   44   27   43] 0.8849959935897436
[10000  5000  7000    44    27    43] 0.8849358974358974
[10000  4000  7000    60    60    43] 0.8842748397435898
[9000 4000 7000   60   60   43] 0.883954326923077
[9000 5000 7000   44   60   43] 0.8831330128205128
[10000  4000  7000    60    45    43] 0.8830328525641027
[9000 5000 6000   44   27   41] 0.8830128205128205
[9000 5000 7000   44   22   43] 0.8829527243589743
[9000 4000 7000   60   45   41] 0.882431891025641
[9000 4000 7000   52   27   43] 0.8818709935897436
[10000  4000  7000    44    41    43] 0.8817908653846154
[9000 4000 7000   44   27   43] 0.8802083333333334
[10000  5000  6000    44    27    43] 0.880048076923077
[10000  4000  7000    60    27    43] 0.8797475961538461
[10000  4000  7000    44    45    43] 0.8795673076923076
[9000 4000 6000   60   22   43] 0.8785857371794872
[9000 4000 6000   44   22   43] 0.8773838141025642
[9000 4000 6000   60   45   35] 0.87734375
[9000 4000 7000   60   45   43] 0.8772035256410257
Took 981.73 seconds
Parents:
[10000  4000  7000    60    45    43] 0.8863581730769231
[10000  4000  7000    44    45    43] 0.8851161858974359
[10000  4000  7000    60    27    41] 0.884375
[9000 4000 6000   60   22   43] 0.8842548076923077
[9000 4000 7000   60   41   43] 0.8840344551282051
[10000  4000  7000    44    60    43] 0.8825320512820514
[9000 5000 7000   44   22   43] 0.8816506410256411
[10000  5000  6000    60    27    43] 0.8813501602564102
[9000 5000 7000   44   27   43] 0.8806089743589743
[10000  5000  7000    60    27    41] 0.8799479166666667
[10000  4000  6000    60    27    43] 0.879306891025641
[9000 4000 7000   60   60   43] 0.8791866987179487
[9000 4000 7000   44   27   43] 0.8785657051282052
[9000 4000 7000   60   45   43] 0.8782051282051282
[10000  5000  7000    44    27    43] 0.8781850961538462
[9000 4000 7000   52   27   43] 0.8772435897435897
[10000  5000  7000    60    60    43] 0.8767227564102564
[9000 4000 6000   44   22   43] 0.8764823717948718
[10000  4000  7000    60    27    43] 0.8747195512820514
[9000 4000 7000   44   45   43] 0.8736778846153846
