Took 1212.04 seconds
Top results:
[10000  6000  9000    61    52    43] 0.8728165064102564
[7000 6000 6000   15   56   14] 0.8724358974358974
[6000 4000 5000   41   39    6] 0.8612179487179488
[3000 5000 7000   43   41   39] 0.8610176282051283
[5000 5000 3000   62    4   38] 0.8601762820512819
[7000 6000 5000   11   28   15] 0.8574318910256411
[4000 6000 4000   14   21   11] 0.8562099358974359
[9000 8000 8000   54    5   56] 0.8561698717948718
[6000 3000 7000    9   55   46] 0.8560897435897437
[6000 7000 6000   61   33   52] 0.855869391025641
Took 1201.81 seconds
Top results:
[9000 6000 6000   14   56   14] 0.871494391025641
[10000  7000  7000    49    53    38] 0.8699719551282051
[6000 7000 7000   59   54   61] 0.8688501602564103
[7000 7000 6000   48    5   49] 0.8685296474358974
[8000 6000 5000   47   18   54] 0.8663261217948718
[6000 3000 6000   24   22   51] 0.8662059294871794
[10000  7000  5000    43    52    43] 0.8642628205128204
[10000  4000  7000    21    35    25] 0.8641426282051282
[8000 5000 8000   61   42   39] 0.8631810897435898
[4000 3000 6000   63   11    9] 0.8629807692307692
Took 1225.05 seconds
Top results:
[6000 5000 6000   44   56   44] 0.8752203525641026
[10000  4000  7000    57    33    32] 0.8752203525641025
[8000 5000 8000   25   22   39] 0.8739583333333333
[5000 5000 6000   43   60   29] 0.8710536858974358
[10000  7000  6000    49    52    37] 0.8698918269230769
[5000 4000 8000   24   44   58] 0.8688501602564103
[9000 6000 5000   15   58   39] 0.8687900641025641
[7000 4000 6000   33   35   46] 0.8678685897435897
[9000 3000 7000   21   35   58] 0.8672676282051283
[6000 7000 7000   25   11   50] 0.8656049679487179
Took 1219.26 seconds
Top results:
[10000  5000  7000    62    53    41] 0.879707532051282
[10000  5000  5000    60    53    39] 0.8756810897435898
[10000  6000  5000    59    56    14] 0.8748197115384615
[10000  6000  5000    60    53    41] 0.8731770833333333
[5000 5000 6000   43   22   51] 0.8729366987179488
[6000 5000 7000   60   42   26] 0.8717948717948718
[6000 5000 8000   25   22   50] 0.870352564102564
[7000 6000 5000   48   53   43] 0.8700721153846154
[7000 6000 7000   53   60   45] 0.8700120192307692
[10000  7000  8000    44    55    41] 0.8695312500000001
Took 1240.77 seconds
Top results:
[10000  6000  7000    60    53    41] 0.8783653846153846
[10000  4000  7000    20    54    55] 0.8770432692307693
[10000  5000  6000    24    44    43] 0.8768229166666668
[10000  5000  5000    49     5    39] 0.8768229166666667
[10000  6000  7000    53    60    45] 0.8760216346153846
[10000  6000  7000    60    23    51] 0.8748397435897435
[10000  6000  8000    44    55    41] 0.8747596153846154
[9000 4000 5000   59   53   43] 0.8740584935897436
[10000  6000  7000    62    45    41] 0.872616185897436
[7000 4000 5000   48   41   43] 0.8724759615384616
Took 1237.96 seconds
Top results:
[6000 5000 7000   44   33   51] 0.8762620192307693
[9000 6000 8000   43   53   43] 0.8759615384615385
[7000 4000 6000   58   44   59] 0.8748998397435898
[9000 4000 6000   42   53   43] 0.8745592948717948
[8000 4000 7000   58   45   58] 0.8744391025641025
[9000 6000 6000   33   55   46] 0.8733974358974359
[10000  6000  8000    44    26    41] 0.8727964743589745
[8000 5000 5000   14   59   39] 0.8721754807692308
[10000  6000  8000    44    55    41] 0.8718950320512819
[10000  5000  6000    16    54    43] 0.8715945512820513
Took 1207.00 seconds
Top results:
[9000 4000 6000   60   45   43] 0.8817708333333334
[9000 5000 6000   22   34   43] 0.8793870192307692
[10000  4000  9000    62    54    39] 0.878165064102564
[9000 7000 8000   43   53   43] 0.8768229166666667
[8000 4000 7000   58   59   58] 0.8755008012820513
[9000 5000 5000   60   54   14] 0.8745592948717948
[8000 5000 5000   23   59   56] 0.8726562499999999
[7000 5000 7000   24   45   43] 0.8725961538461539
[7000 5000 7000   40   59   55] 0.8725761217948718
[6000 5000 6000   22   53   43] 0.872275641025641
Took 1225.24 seconds
Top results:
[10000  5000  8000    34    59    63] 0.8787860576923077
[9000 6000 5000   45    5   43] 0.8770232371794872
[7000 5000 7000   19   17   59] 0.8763621794871795
[9000 4000 7000   60   55   41] 0.8760216346153846
[9000 4000 5000   44   54   14] 0.8755608974358975
[10000  5000  6000    22     4    55] 0.8752604166666667
[5000 4000 7000   59   53   58] 0.8745392628205129
[10000  4000  8000    23    33    55] 0.8741386217948718
[10000  3000  7000    61    42    39] 0.8739182692307692
[10000  5000  7000    34    58    44] 0.8738782051282052
Took 1330.79 seconds
Top results:
[10000  4000  7000    60    56    42] 0.8810697115384615
[10000  5000  7000    34    58    63] 0.8799278846153846
[10000  5000  8000    62    55    39] 0.8778245192307692
[9000 4000 8000   43   53   43] 0.8767027243589743
[8000 4000 8000   60   53   43] 0.8747996794871795
[8000 4000 7000   25   45   43] 0.8747195512820513
[9000 4000 5000   57   33   55] 0.8745392628205129
[10000  5000  6000    43    54    47] 0.8745192307692308
[10000  4000  7000    59    55    41] 0.8739583333333334
[10000  5000  5000    59    46    58] 0.8737980769230769
Took 1289.95 seconds
Top results:
[10000  5000  6000    44    59    14] 0.8853565705128206
[9000 5000 6000   63   42   14] 0.883994391025641
[10000  4000  7000    44    55    42] 0.8815304487179487
[10000  5000  5000    59     4    42] 0.8810697115384616
[8000 5000 7000   34   58   14] 0.8799679487179487
[10000  4000  7000    44    55    44] 0.8797275641025641
[10000  5000  5000    62    46    40] 0.878926282051282
[9000 4000 7000   60   54   14] 0.8777043269230769
[10000  5000  7000    59    54    41] 0.8773838141025642
[10000  4000  7000    59    56    41] 0.8765825320512821
Took 1265.98 seconds
Top results:
[10000  4000  6000    61    54    39] 0.8822716346153846
[10000  4000  7000    60    54    63] 0.8816105769230769
[9000 4000 7000   60   54   14] 0.8799879807692308
[10000  5000  7000    58    55    63] 0.8798878205128204
[10000  5000  6000    34    57    63] 0.8792467948717948
[10000  4000  6000    43    56    47] 0.87890625
[10000  5000  7000    34    22    63] 0.8777043269230769
[9000 4000 8000   45   56   55] 0.8775440705128206
[10000  5000  7000    44    53    57] 0.8774038461538461
[10000  5000  8000    20    54    47] 0.8773036858974359
Took 1320.00 seconds
Top results:
[10000  5000  6000    43    54    39] 0.8864182692307692
[9000 6000 7000   64   42   14] 0.8841947115384616
[10000  5000  8000    44    55    43] 0.8835336538461538
[10000  4000  7000    57    47    58] 0.8828725961538462
[10000  5000  7000    43    54    59] 0.8822916666666667
[10000  4000  7000    44    44    55] 0.8818309294871794
[10000  4000  7000    60    54    63] 0.8804086538461539
[10000  4000  7000    42    56    41] 0.8804086538461539
[10000  4000  6000    19    54    40] 0.8786658653846153
[10000  5000  7000    34    53    43] 0.8786258012820513
Took 1357.96 seconds
Top results:
[10000  5000  6000    59    55    14] 0.8835336538461538
[8000 6000 7000   62   54   14] 0.8818910256410256
[10000  5000  6000    44    53    14] 0.8817708333333334
[10000  5000  6000    62    54    63] 0.8803485576923077
[10000  5000  8000    62    46    62] 0.8801282051282051
[10000  5000  7000    44    57    43] 0.8793870192307693
[10000  4000  6000    57    47    43] 0.8791866987179486
[10000  5000  6000    43    46    59] 0.878926282051282
[10000  4000  7000    42    55    41] 0.8787860576923077
[10000  4000  7000    44    57    57] 0.8787259615384615
